<?xml version="1.0" encoding="UTF-8"?>
<!-- Generated by org.testng.reporters.JUnitReportReporter -->
<testsuite skipped="0" hostname="LAPTOP-JJEKI9M2" name="test.day3" tests="2" failures="0" timestamp="01 Jun 2020 20:44:24 GMT" time="0.017" errors="0">
  <testcase name="WebLoginCarLoan" time="0.002" classname="test.day3"/>
  <testcase name="LoginAPI" time="0.015" classname="test.day3"/>
</testsuite> <!-- test.day3 -->
