<?xml version="1.0" encoding="UTF-8"?>
<!-- Generated by org.testng.reporters.JUnitReportReporter -->
<testsuite skipped="0" hostname="LAPTOP-JJEKI9M2" name="test.day2" tests="1" failures="0" timestamp="01 Jun 2020 20:07:44 GMT" time="0.002" errors="0">
  <testcase name="ploan" time="0.002" classname="test.day2"/>
</testsuite> <!-- test.day2 -->
